<?xml version="1.0" encoding="UTF-8"?>
<!-- Generated by org.testng.reporters.JUnitXMLReporter -->
<testsuite ignored="0" hostname="DESKTOP-5TETB4V" failures="0" tests="1" name="hamburgurTest" time="6.841" errors="0" timestamp="2023-09-15T12:13:32 IST">
  <testcase classname="base.baseTest" name="@BeforeTest setup" time="6.79">
    <failure type="java.lang.NullPointerException" message="null value in entry: url=null">
      <![CDATA[java.lang.NullPointerException: null value in entry: url=null
at com.google.common.collect.CollectPreconditions.checkEntryNotNull(CollectPreconditions.java:33)
at com.google.common.collect.SingletonImmutableBiMap.<init>(SingletonImmutableBiMap.java:43)
at com.google.common.collect.ImmutableBiMap.of(ImmutableBiMap.java:81)
at com.google.common.collect.ImmutableMap.of(ImmutableMap.java:126)
at org.openqa.selenium.remote.DriverCommand.GET(DriverCommand.java:191)
at org.openqa.selenium.remote.RemoteWebDriver.get(RemoteWebDriver.java:300)
at base.baseTest.setup(baseTest.java:32)
at java.base/java.util.concurrent.FutureTask.run(FutureTask.java:264)
at java.base/java.util.concurrent.ThreadPoolExecutor.runWorker(ThreadPoolExecutor.java:1136)
at java.base/java.util.concurrent.ThreadPoolExecutor$Worker.run(ThreadPoolExecutor.java:635)
at java.base/java.lang.Thread.run(Thread.java:833)
... Removed 15 stack frames]]>
    </failure>
  </testcase> <!-- @BeforeTest setup -->
  <testcase classname="base.baseTest" name="@AfterMethod addresultstotestrail" time="-1.694760212226E9">
    <skipped/>
  </testcase> <!-- @AfterMethod addresultstotestrail -->
  <testcase classname="base.baseTest" name="@AfterTest teardown" time="-1.69476021223E9">
    <skipped/>
  </testcase> <!-- @AfterTest teardown -->
  <testcase classname="myTests.HamburgurMenu" name="menutest" time="0.0">
    <skipped/>
  </testcase> <!-- menutest -->
</testsuite> <!-- hamburgurTest -->
